<?xml version="1.0" encoding="UTF-8"?>
<testsuite name="com.outfit7.rest.classic.MatchingFacadeTest" tests="1" skipped="0" failures="0" errors="0" timestamp="2022-09-14T08:40:11" hostname="Zalas-MacBook-Air.local" time="0.035">
  <properties/>
  <testcase name="shouldReturnOpponentsForSelectedUserId()" classname="com.outfit7.rest.classic.MatchingFacadeTest" time="0.035"/>
  <system-out><![CDATA[]]></system-out>
  <system-err><![CDATA[]]></system-err>
</testsuite>
