<?xml version="1.0" encoding="UTF-8"?>
<testsuite name="com.outfit7.services.classic.ClassicMatchingServiceTest" tests="2" skipped="0" failures="0" errors="0" timestamp="2022-09-14T08:40:06" hostname="Zalas-MacBook-Air.local" time="0.015">
  <properties/>
  <testcase name="checkForDuplicateOpponents()" classname="com.outfit7.services.classic.ClassicMatchingServiceTest" time="0.007"/>
  <testcase name="shouldRetrieveOpponentsForUserId()" classname="com.outfit7.services.classic.ClassicMatchingServiceTest" time="0.006"/>
  <system-out><![CDATA[]]></system-out>
  <system-err><![CDATA[]]></system-err>
</testsuite>
